<?xml version="1.0" encoding="UTF-8"?>
<testng-results skipped="0" failed="0" ignored="0" total="1" passed="1">
  <reporter-output>
  </reporter-output>
  <suite name="xero.DriverScriptTest" duration-ms="146444" started-at="2018-10-21T23:52:22Z" finished-at="2018-10-21T23:54:49Z">
    <groups>
    </groups>
    <test name="Command line test" duration-ms="146444" started-at="2018-10-21T23:52:22Z" finished-at="2018-10-21T23:54:49Z">
      <class name="xero.DriverScriptTest">
        <test-method status="PASS" signature="mainMethod()[pri:0, instance:xero.DriverScriptTest@7946e1f4]" name="mainMethod" duration-ms="146412" started-at="2018-10-21T23:52:22Z" finished-at="2018-10-21T23:54:49Z">
          <reporter-output>
          </reporter-output>
        </test-method> <!-- mainMethod -->
      </class> <!-- xero.DriverScriptTest -->
    </test> <!-- Command line test -->
  </suite> <!-- xero.DriverScriptTest -->
</testng-results>
